Using pre-set license
Built from '2022.3/staging' branch; Version is '2022.3.38f1 (c5d5a7410213) revision 12965287'; Using compiler version '192829333'; Build Type 'Release'
OS: 'Windows 10  (10.0.19045) 64bit Professional' Language: 'ru' Physical Memory: 16332 MB
BatchMode: 1, IsHumanControllingUs: 0, StartBugReporterOnCrash: 0, Is64bit: 1, IsPro: 1

COMMAND LINE ARGUMENTS:
G:\Unity\DownloadUnity\2022.3.38f1\Editor\Unity.exe
-adb2
-batchMode
-noUpm
-name
AssetImportWorker0
-projectPath
G:/OnGitProjects/ThrowTrash/ThrowTrash
-logFile
Logs/AssetImportWorker0.log
-srvPort
59948
Successfully changed project path to: G:/OnGitProjects/ThrowTrash/ThrowTrash
G:/OnGitProjects/ThrowTrash/ThrowTrash
[UnityMemory] Configuration Parameters - Can be set up in boot.config
    "memorysetup-bucket-allocator-granularity=16"
    "memorysetup-bucket-allocator-bucket-count=8"
    "memorysetup-bucket-allocator-block-size=33554432"
    "memorysetup-bucket-allocator-block-count=8"
    "memorysetup-main-allocator-block-size=16777216"
    "memorysetup-thread-allocator-block-size=16777216"
    "memorysetup-gfx-main-allocator-block-size=16777216"
    "memorysetup-gfx-thread-allocator-block-size=16777216"
    "memorysetup-cache-allocator-block-size=4194304"
    "memorysetup-typetree-allocator-block-size=2097152"
    "memorysetup-profiler-bucket-allocator-granularity=16"
    "memorysetup-profiler-bucket-allocator-bucket-count=8"
    "memorysetup-profiler-bucket-allocator-block-size=33554432"
    "memorysetup-profiler-bucket-allocator-block-count=8"
    "memorysetup-profiler-allocator-block-size=16777216"
    "memorysetup-profiler-editor-allocator-block-size=1048576"
    "memorysetup-temp-allocator-size-main=16777216"
    "memorysetup-job-temp-allocator-block-size=2097152"
    "memorysetup-job-temp-allocator-block-size-background=1048576"
    "memorysetup-job-temp-allocator-reduction-small-platforms=262144"
    "memorysetup-allocator-temp-initial-block-size-main=262144"
    "memorysetup-allocator-temp-initial-block-size-worker=262144"
    "memorysetup-temp-allocator-size-background-worker=32768"
    "memorysetup-temp-allocator-size-job-worker=262144"
    "memorysetup-temp-allocator-size-preload-manager=33554432"
    "memorysetup-temp-allocator-size-nav-mesh-worker=65536"
    "memorysetup-temp-allocator-size-audio-worker=65536"
    "memorysetup-temp-allocator-size-cloud-worker=32768"
    "memorysetup-temp-allocator-size-gi-baking-worker=262144"
    "memorysetup-temp-allocator-size-gfx=262144"
Player connection [29992]  Target information:

Player connection [29992]  * "[IP] 192.168.0.105 [Port] 0 [Flags] 2 [Guid] 99504639 [EditorId] 99504639 [Version] 1048832 [Id] WindowsEditor(7,DESKTOP-NNGJUNM) [Debug] 1 [PackageName] WindowsEditor [ProjectName] Editor" 

Player connection [29992]  * "[IP] 26.150.199.250 [Port] 0 [Flags] 2 [Guid] 99504639 [EditorId] 99504639 [Version] 1048832 [Id] WindowsEditor(7,DESKTOP-NNGJUNM) [Debug] 1 [PackageName] WindowsEditor [ProjectName] Editor" 

Player connection [29992] Host joined multi-casting on [225.0.0.222:54997]...
Player connection [29992] Host joined alternative multi-casting on [225.0.0.222:34997]...
[PhysX] Initialized MultithreadedTaskDispatcher with 12 workers.
Refreshing native plugins compatible for Editor in 24.54 ms, found 4 plugins.
Preloading 0 native plugins for Editor in 0.00 ms.
Initialize engine version: 2022.3.38f1 (c5d5a7410213)
[Subsystems] Discovering subsystems at path G:/Unity/DownloadUnity/2022.3.38f1/Editor/Data/Resources/UnitySubsystems
[Subsystems] Discovering subsystems at path G:/OnGitProjects/ThrowTrash/ThrowTrash/Assets
GfxDevice: creating device client; threaded=0; jobified=0
Direct3D:
    Version:  Direct3D 11.0 [level 11.1]
    Renderer: Radeon RX 590 Series (ID=0x67df)
    Vendor:   ATI
    VRAM:     8170 MB
    Driver:   31.0.21912.14
Initialize mono
Mono path[0] = 'G:/Unity/DownloadUnity/2022.3.38f1/Editor/Data/Managed'
Mono path[1] = 'G:/Unity/DownloadUnity/2022.3.38f1/Editor/Data/MonoBleedingEdge/lib/mono/unityjit-win32'
Mono config path = 'G:/Unity/DownloadUnity/2022.3.38f1/Editor/Data/MonoBleedingEdge/etc'
Using monoOptions --debugger-agent=transport=dt_socket,embedding=1,server=y,suspend=n,address=127.0.0.1:56408
Begin MonoManager ReloadAssembly
Registering precompiled unity dll's ...
Register platform support module: G:/Unity/DownloadUnity/2022.3.38f1/Editor/Data/PlaybackEngines/WebGLSupport/UnityEditor.WebGL.Extensions.dll
Register platform support module: G:/Unity/DownloadUnity/2022.3.38f1/Editor/Data/PlaybackEngines/WindowsStandaloneSupport/UnityEditor.WindowsStandalone.Extensions.dll
Registered in 0.009579 seconds.
- Loaded All Assemblies, in  0.735 seconds
Native extension for WindowsStandalone target not found
Native extension for WebGL target not found
Mono: successfully reloaded assembly
- Finished resetting the current domain, in  0.566 seconds
Domain Reload Profiling: 1301ms
	BeginReloadAssembly (209ms)
		ExecutionOrderSort (0ms)
		DisableScriptedObjects (0ms)
		BackupInstance (0ms)
		ReleaseScriptingObjects (0ms)
		CreateAndSetChildDomain (1ms)
	RebuildCommonClasses (77ms)
	RebuildNativeTypeToScriptingClass (29ms)
	initialDomainReloadingComplete (108ms)
	LoadAllAssembliesAndSetupDomain (310ms)
		LoadAssemblies (208ms)
		RebuildTransferFunctionScriptingTraits (0ms)
		AnalyzeDomain (307ms)
			TypeCache.Refresh (305ms)
				TypeCache.ScanAssembly (280ms)
			ScanForSourceGeneratedMonoScriptInfo (1ms)
			ResolveRequiredComponents (1ms)
	FinalizeReload (567ms)
		ReleaseScriptCaches (0ms)
		RebuildScriptCaches (0ms)
		SetupLoadedEditorAssemblies (456ms)
			LogAssemblyErrors (0ms)
			InitializePlatformSupportModulesInManaged (15ms)
			SetLoadedEditorAssemblies (10ms)
			RefreshPlugins (0ms)
			BeforeProcessingInitializeOnLoad (6ms)
			ProcessInitializeOnLoadAttributes (320ms)
			ProcessInitializeOnLoadMethodAttributes (105ms)
			AfterProcessingInitializeOnLoad (0ms)
			EditorAssembliesLoaded (0ms)
		ExecutionOrderSort2 (0ms)
		AwakeInstancesAfterBackupRestoration (0ms)
========================================================================
Worker process is ready to serve import requests
Begin MonoManager ReloadAssembly
- Loaded All Assemblies, in  1.392 seconds
Refreshing native plugins compatible for Editor in 9.73 ms, found 4 plugins.
Native extension for WindowsStandalone target not found
Native extension for WebGL target not found
Package Manager log level set to [2]
[Package Manager] Server::EnsureServerProcessIsRunning -- launch failed, reason: Unity was launched with the -noUpm command-line argument
[Package Manager] UpmClient::Send -- Unable to send message (not connected to UPM process).
[Package Manager] Cannot connect to Unity Package Manager local server
Mono: successfully reloaded assembly
- Finished resetting the current domain, in  1.385 seconds
Domain Reload Profiling: 2778ms
	BeginReloadAssembly (317ms)
		ExecutionOrderSort (0ms)
		DisableScriptedObjects (12ms)
		BackupInstance (0ms)
		ReleaseScriptingObjects (0ms)
		CreateAndSetChildDomain (41ms)
	RebuildCommonClasses (150ms)
	RebuildNativeTypeToScriptingClass (28ms)
	initialDomainReloadingComplete (75ms)
	LoadAllAssembliesAndSetupDomain (821ms)
		LoadAssemblies (638ms)
		RebuildTransferFunctionScriptingTraits (0ms)
		AnalyzeDomain (363ms)
			TypeCache.Refresh (299ms)
				TypeCache.ScanAssembly (272ms)
			ScanForSourceGeneratedMonoScriptInfo (47ms)
			ResolveRequiredComponents (15ms)
	FinalizeReload (1388ms)
		ReleaseScriptCaches (0ms)
		RebuildScriptCaches (0ms)
		SetupLoadedEditorAssemblies (959ms)
			LogAssemblyErrors (0ms)
			InitializePlatformSupportModulesInManaged (10ms)
			SetLoadedEditorAssemblies (6ms)
			RefreshPlugins (0ms)
			BeforeProcessingInitializeOnLoad (126ms)
			ProcessInitializeOnLoadAttributes (730ms)
			ProcessInitializeOnLoadMethodAttributes (80ms)
			AfterProcessingInitializeOnLoad (6ms)
			EditorAssembliesLoaded (0ms)
		ExecutionOrderSort2 (0ms)
		AwakeInstancesAfterBackupRestoration (14ms)
Launched and connected shader compiler UnityShaderCompiler.exe after 0.25 seconds
Refreshing native plugins compatible for Editor in 8.03 ms, found 4 plugins.
Preloading 0 native plugins for Editor in 0.00 ms.
Unloading 4338 Unused Serialized files (Serialized files now loaded: 0)
Unloading 96 unused Assets / (332.6 KB). Loaded Objects now: 4789.
Memory consumption went from 152.8 MB to 152.4 MB.
Total: 6.446400 ms (FindLiveObjects: 0.692000 ms CreateObjectMapping: 0.233200 ms MarkObjects: 5.144500 ms  DeleteObjects: 0.374900 ms)

AssetImportParameters requested are different than current active one (requested -> active):
  custom:container-demuxer-ogg: 62fdf1f143b41e24485cea50d1cbac27 -> 
  custom:video-decoder-ogg-theora: a1e56fd34408186e4bbccfd4996cb3dc -> 
  custom:framework-win-MediaFoundation: 216162199b28c13a410421893ffa2e32 -> 
  custom:CustomObjectIndexerAttribute: 9a22284fe3817be447336de3de66b15e -> 
  custom:container-demuxer-webm: 4f35f7cbe854078d1ac9338744f61a02 -> 
  custom:container-muxer-webm: aa71ff27fc2769a1b78a27578f13a17b -> 
  custom:video-decoder-webm-vp8: 9c59270c3fd7afecdb556c50c9e8de78 -> 
  custom:SearchIndexIgnoredProperties: e643bd26f0fe6173181afceb89e7c659 -> 
  custom:AudioImporter_EditorPlatform: d09bf68614088b80899f8185d706f6e7 -> 
  custom:video-encoder-webm-vp8: eb34c28f22e8b96e1ab97ce403110664 -> 
  custom:audio-decoder-ogg-vorbis: bf7c407c2cedff20999df2af8eb42d56 -> 
  custom:audio-encoder-webm-vorbis: bf7c407c2cedff20999df2af8eb42d56 -> 
========================================================================
Received Import Request.
  Time since last request: 470298.669282 seconds.
  path: Assets/ThrowTrash/Resources/Prefabs/LevelPrefabs/Level23.prefab
  artifactKey: Guid(04be091a594ce924d910248a34d54a8e) Importer(815301076,1909f56bfc062723c751e8b465ee728b)
Start importing Assets/ThrowTrash/Resources/Prefabs/LevelPrefabs/Level23.prefab using Guid(04be091a594ce924d910248a34d54a8e) Importer(815301076,1909f56bfc062723c751e8b465ee728b) [PhysX] Initialized MultithreadedTaskDispatcher with 12 workers.
[PhysX] Initialized MultithreadedTaskDispatcher with 12 workers.
 -> (artifact id: '9724d2872678d83f2b92854f3649f47b') in 0.535029 seconds
Number of updated asset objects reloaded before import = 0
Number of asset objects unloaded after import = 183
========================================================================
Received Import Request.
  Time since last request: 0.000043 seconds.
  path: Assets/ThrowTrash/Resources/Prefabs/LevelPrefabs/Level7.prefab
  artifactKey: Guid(c65e5b87bcc52ab449419c1f08810fe8) Importer(815301076,1909f56bfc062723c751e8b465ee728b)
Start importing Assets/ThrowTrash/Resources/Prefabs/LevelPrefabs/Level7.prefab using Guid(c65e5b87bcc52ab449419c1f08810fe8) Importer(815301076,1909f56bfc062723c751e8b465ee728b) [PhysX] Initialized MultithreadedTaskDispatcher with 12 workers.
[PhysX] Initialized MultithreadedTaskDispatcher with 12 workers.
 -> (artifact id: '4bf0f96f0d03ffadd7a89c37e75682b6') in 0.097998 seconds
Number of updated asset objects reloaded before import = 0
Number of asset objects unloaded after import = 158
========================================================================
Received Import Request.
  Time since last request: 0.000033 seconds.
  path: Assets/ThrowTrash/Resources/Prefabs/LevelPrefabs/Level13.prefab
  artifactKey: Guid(d013efbcaeba4c649ad6b9e7cea86faa) Importer(815301076,1909f56bfc062723c751e8b465ee728b)
Start importing Assets/ThrowTrash/Resources/Prefabs/LevelPrefabs/Level13.prefab using Guid(d013efbcaeba4c649ad6b9e7cea86faa) Importer(815301076,1909f56bfc062723c751e8b465ee728b) [PhysX] Initialized MultithreadedTaskDispatcher with 12 workers.
[PhysX] Initialized MultithreadedTaskDispatcher with 12 workers.
 -> (artifact id: '0e817721d8b5353dc1e4e4a9b24a57ba') in 0.067941 seconds
Number of updated asset objects reloaded before import = 0
Number of asset objects unloaded after import = 204
========================================================================
Received Import Request.
  Time since last request: 0.000035 seconds.
  path: Assets/ThrowTrash/Resources/Prefabs/LevelPrefabs/Level26.prefab
  artifactKey: Guid(74efd295c5b65164ab68b44c5d2b72ac) Importer(815301076,1909f56bfc062723c751e8b465ee728b)
Start importing Assets/ThrowTrash/Resources/Prefabs/LevelPrefabs/Level26.prefab using Guid(74efd295c5b65164ab68b44c5d2b72ac) Importer(815301076,1909f56bfc062723c751e8b465ee728b) [PhysX] Initialized MultithreadedTaskDispatcher with 12 workers.
[PhysX] Initialized MultithreadedTaskDispatcher with 12 workers.
 -> (artifact id: '1ae84a52bf260613a776bb84e68e71cb') in 0.090403 seconds
Number of updated asset objects reloaded before import = 0
Number of asset objects unloaded after import = 203
========================================================================
Received Import Request.
  Time since last request: 0.000038 seconds.
  path: Assets/ThrowTrash/Resources/Prefabs/LevelPrefabs/Level10.prefab
  artifactKey: Guid(d15277357d318e049a143a264323eb4b) Importer(815301076,1909f56bfc062723c751e8b465ee728b)
Start importing Assets/ThrowTrash/Resources/Prefabs/LevelPrefabs/Level10.prefab using Guid(d15277357d318e049a143a264323eb4b) Importer(815301076,1909f56bfc062723c751e8b465ee728b) [PhysX] Initialized MultithreadedTaskDispatcher with 12 workers.
[PhysX] Initialized MultithreadedTaskDispatcher with 12 workers.
 -> (artifact id: 'f7ccb7a3016dc61f77363c044a002bf8') in 0.061528 seconds
Number of updated asset objects reloaded before import = 0
Number of asset objects unloaded after import = 165
========================================================================
Received Import Request.
  Time since last request: 0.000039 seconds.
  path: Assets/ThrowTrash/Resources/Prefabs/LevelPrefabs/Level12.prefab
  artifactKey: Guid(3aa98804118ca7d46b2b2bfc9ef82c1f) Importer(815301076,1909f56bfc062723c751e8b465ee728b)
Start importing Assets/ThrowTrash/Resources/Prefabs/LevelPrefabs/Level12.prefab using Guid(3aa98804118ca7d46b2b2bfc9ef82c1f) Importer(815301076,1909f56bfc062723c751e8b465ee728b) [PhysX] Initialized MultithreadedTaskDispatcher with 12 workers.
[PhysX] Initialized MultithreadedTaskDispatcher with 12 workers.
 -> (artifact id: '4cd93b0f073126fb91c82566a12fff9f') in 0.054803 seconds
Number of updated asset objects reloaded before import = 0
Number of asset objects unloaded after import = 165
========================================================================
Received Import Request.
  Time since last request: 0.000030 seconds.
  path: Assets/ThrowTrash/Resources/Prefabs/LevelPrefabs/Level3.prefab
  artifactKey: Guid(43c7b18b7677f0144837629064481c76) Importer(815301076,1909f56bfc062723c751e8b465ee728b)
Start importing Assets/ThrowTrash/Resources/Prefabs/LevelPrefabs/Level3.prefab using Guid(43c7b18b7677f0144837629064481c76) Importer(815301076,1909f56bfc062723c751e8b465ee728b) [PhysX] Initialized MultithreadedTaskDispatcher with 12 workers.
[PhysX] Initialized MultithreadedTaskDispatcher with 12 workers.
 -> (artifact id: '97e7856aff9c339f68473fa5eddfce59') in 0.060515 seconds
Number of updated asset objects reloaded before import = 0
Number of asset objects unloaded after import = 168
========================================================================
Received Import Request.
  Time since last request: 0.000035 seconds.
  path: Assets/ThrowTrash/Resources/Prefabs/LevelPrefabs/Level9.prefab
  artifactKey: Guid(01efc1ef68a0c934a942bdd76061e449) Importer(815301076,1909f56bfc062723c751e8b465ee728b)
Start importing Assets/ThrowTrash/Resources/Prefabs/LevelPrefabs/Level9.prefab using Guid(01efc1ef68a0c934a942bdd76061e449) Importer(815301076,1909f56bfc062723c751e8b465ee728b) [PhysX] Initialized MultithreadedTaskDispatcher with 12 workers.
[PhysX] Initialized MultithreadedTaskDispatcher with 12 workers.
 -> (artifact id: '464e589a5defaf62a6f2bdb7cff22a56') in 0.090282 seconds
Number of updated asset objects reloaded before import = 0
Number of asset objects unloaded after import = 159
========================================================================
Received Import Request.
  Time since last request: 0.000032 seconds.
  path: Assets/ThrowTrash/Resources/Prefabs/LevelPrefabs/Level1.prefab
  artifactKey: Guid(0d919d2d25686fd4bbf5487c4a18e635) Importer(815301076,1909f56bfc062723c751e8b465ee728b)
Start importing Assets/ThrowTrash/Resources/Prefabs/LevelPrefabs/Level1.prefab using Guid(0d919d2d25686fd4bbf5487c4a18e635) Importer(815301076,1909f56bfc062723c751e8b465ee728b) [PhysX] Initialized MultithreadedTaskDispatcher with 12 workers.
[PhysX] Initialized MultithreadedTaskDispatcher with 12 workers.
 -> (artifact id: '18888b845ddbd8be99fa2902f8fa8deb') in 0.056637 seconds
Number of updated asset objects reloaded before import = 0
Number of asset objects unloaded after import = 147
========================================================================
Received Import Request.
  Time since last request: 0.000034 seconds.
  path: Assets/ThrowTrash/Resources/Prefabs/LevelPrefabs/Level5.prefab
  artifactKey: Guid(24589a93cb53d53409b955dd47767a79) Importer(815301076,1909f56bfc062723c751e8b465ee728b)
Start importing Assets/ThrowTrash/Resources/Prefabs/LevelPrefabs/Level5.prefab using Guid(24589a93cb53d53409b955dd47767a79) Importer(815301076,1909f56bfc062723c751e8b465ee728b) [PhysX] Initialized MultithreadedTaskDispatcher with 12 workers.
[PhysX] Initialized MultithreadedTaskDispatcher with 12 workers.
 -> (artifact id: '48d2e1ee5b868afd7a962708d2bafa5c') in 0.050890 seconds
Number of updated asset objects reloaded before import = 0
Number of asset objects unloaded after import = 139
Editor requested this worker to shutdown with reason: Scaling down because of idle timeout
TcpMessagingSession - receive error: operation aborted. errorcode: 995, details: ќпераци€ ввода/вывода была прервана из-за завершени€ потока команд или по запросу приложени€.
AssetImportWorker is now disconnected from the server
Process exiting
Exiting without the bug reporter. Application will terminate with return code 0